[28.04.2021 23:02:46,004] [main] INFO  org.jgap.gp.impl.GPGenotype  - Creating initial population
[28.04.2021 23:02:46,086] [main] INFO  org.jgap.gp.impl.GPGenotype  - Mem free: 10.0 MB
[28.04.2021 23:02:46,326] [main] INFO  org.jgap.gp.impl.GPPopulation  - Prototype program set
[28.04.2021 23:02:48,677] [main] INFO  org.jgap.gp.impl.GPGenotype  - Mem free after creating population: 10.0 MB
[28.04.2021 23:03:07,292] [main] INFO  org.jgap.gp.impl.GPGenotype  - Evolving generation 0, memory free: 6.3 MB
[28.04.2021 23:03:18,926] [main] INFO  org.jgap.gp.impl.GPGenotype  - Best solution fitness: 60.42
[28.04.2021 23:03:18,943] [main] INFO  org.jgap.gp.impl.GPGenotype  - Best solution: (x * x) * (5.0 - x)
[28.04.2021 23:03:18,956] [main] INFO  org.jgap.gp.impl.GPGenotype  - Depth of chrom: 2
[28.04.2021 23:03:48,356] [main] INFO  org.jgap.gp.impl.GPGenotype  - Creating initial population
[28.04.2021 23:03:48,436] [main] INFO  org.jgap.gp.impl.GPGenotype  - Mem free: 14.0 MB
[28.04.2021 23:03:48,479] [main] INFO  org.jgap.gp.impl.GPPopulation  - Prototype program set
[28.04.2021 23:03:48,600] [main] INFO  org.jgap.gp.impl.GPGenotype  - Mem free after creating population: 14.0 MB
[28.04.2021 23:03:48,603] [main] INFO  org.jgap.gp.impl.GPGenotype  - Evolving generation 0, memory free: 9.9 MB
[28.04.2021 23:03:48,796] [main] INFO  org.jgap.gp.impl.GPGenotype  - Best solution fitness: 95.75
[28.04.2021 23:03:48,798] [main] INFO  org.jgap.gp.impl.GPGenotype  - Best solution: x * (3.0 * x)
[28.04.2021 23:03:48,798] [main] INFO  org.jgap.gp.impl.GPGenotype  - Depth of chrom: 2
[28.04.2021 23:03:48,887] [main] INFO  org.jgap.gp.impl.GPGenotype  - Best solution fitness: 92.94
[28.04.2021 23:03:48,888] [main] INFO  org.jgap.gp.impl.GPGenotype  - Best solution: ((x ^ 2.0) - (2.0 * x)) * ((x - x) - (x - 2.0))
[28.04.2021 23:03:48,889] [main] INFO  org.jgap.gp.impl.GPGenotype  - Depth of chrom: 3
[28.04.2021 23:03:48,957] [main] INFO  org.jgap.gp.impl.GPGenotype  - Best solution fitness: 63.92
[28.04.2021 23:03:48,958] [main] INFO  org.jgap.gp.impl.GPGenotype  - Best solution: (x * x) * (4.0 - x)
[28.04.2021 23:03:48,961] [main] INFO  org.jgap.gp.impl.GPGenotype  - Depth of chrom: 2
[28.04.2021 23:03:49,046] [main] INFO  org.jgap.gp.impl.GPGenotype  - Best solution fitness: 49.49
[28.04.2021 23:03:49,047] [main] INFO  org.jgap.gp.impl.GPGenotype  - Best solution: 4.0 * (3.0 - ((x + 3.0) - (x * x)))
[28.04.2021 23:03:49,047] [main] INFO  org.jgap.gp.impl.GPGenotype  - Depth of chrom: 4
[28.04.2021 23:03:49,193] [main] INFO  org.jgap.gp.impl.GPGenotype  - Best solution fitness: 47.06
[28.04.2021 23:03:49,194] [main] INFO  org.jgap.gp.impl.GPGenotype  - Best solution: (x * x) + ((((4.0 - x) / (x + 3.0)) * (x * x)) + (x * x))
[28.04.2021 23:03:49,194] [main] INFO  org.jgap.gp.impl.GPGenotype  - Depth of chrom: 5
[28.04.2021 23:03:49,251] [main] INFO  org.jgap.gp.impl.GPGenotype  - Best solution fitness: 42.58
[28.04.2021 23:03:49,252] [main] INFO  org.jgap.gp.impl.GPGenotype  - Best solution: (((x * x) + ((x * x) + (3.0 - x))) / (x + 3.0)) * (x * x)
[28.04.2021 23:03:49,252] [main] INFO  org.jgap.gp.impl.GPGenotype  - Depth of chrom: 5
[28.04.2021 23:03:49,335] [main] INFO  org.jgap.gp.impl.GPGenotype  - Best solution fitness: 41.47
[28.04.2021 23:03:49,336] [main] INFO  org.jgap.gp.impl.GPGenotype  - Best solution: (((x * x) + ((x * x) + 2.0)) / (x + 3.0)) * (x * x)
[28.04.2021 23:03:49,336] [main] INFO  org.jgap.gp.impl.GPGenotype  - Depth of chrom: 5
[28.04.2021 23:03:49,358] [main] INFO  org.jgap.gp.impl.GPGenotype  - Evolving generation 25, memory free: 72.6 MB
[28.04.2021 23:03:49,398] [main] INFO  org.jgap.gp.impl.GPGenotype  - Best solution fitness: 39.06
[28.04.2021 23:03:49,400] [main] INFO  org.jgap.gp.impl.GPGenotype  - Best solution: ((((x * x) + ((x * x) + 2.0)) - x) / (x + 3.0)) * (x * x)
[28.04.2021 23:03:49,400] [main] INFO  org.jgap.gp.impl.GPGenotype  - Depth of chrom: 6
[28.04.2021 23:03:49,423] [main] INFO  org.jgap.gp.impl.GPGenotype  - Best solution fitness: 37.20
[28.04.2021 23:03:49,425] [main] INFO  org.jgap.gp.impl.GPGenotype  - Best solution: (((x * x) + ((x + 3.0) + (3.0 - x))) / (x + 3.0)) * (x * x)
[28.04.2021 23:03:49,426] [main] INFO  org.jgap.gp.impl.GPGenotype  - Depth of chrom: 5
[28.04.2021 23:03:49,447] [main] INFO  org.jgap.gp.impl.GPGenotype  - Best solution fitness: 34.87
[28.04.2021 23:03:49,448] [main] INFO  org.jgap.gp.impl.GPGenotype  - Best solution: (x * x) + (((((x * x) - x) - x) * (x * x)) + (x * x))
[28.04.2021 23:03:49,448] [main] INFO  org.jgap.gp.impl.GPGenotype  - Depth of chrom: 6
[28.04.2021 23:03:49,474] [main] INFO  org.jgap.gp.impl.GPGenotype  - Best solution fitness: 20.00
[28.04.2021 23:03:49,476] [main] INFO  org.jgap.gp.impl.GPGenotype  - Best solution: ((((x * x) - x) - x) * (x * x)) + (x * x)
[28.04.2021 23:03:49,476] [main] INFO  org.jgap.gp.impl.GPGenotype  - Depth of chrom: 5
[28.04.2021 23:03:49,593] [main] INFO  org.jgap.gp.impl.GPGenotype  - Best solution fitness: 19.99
[28.04.2021 23:03:49,593] [main] INFO  org.jgap.gp.impl.GPGenotype  - Best solution: 2.0 + (((((x * x) - x) - x) * (x * x)) + (x * x))
[28.04.2021 23:03:49,594] [main] INFO  org.jgap.gp.impl.GPGenotype  - Depth of chrom: 6
[28.04.2021 23:03:49,865] [main] INFO  org.jgap.gp.impl.GPGenotype  - Evolving generation 50, memory free: 78.2 MB
[28.04.2021 23:03:50,018] [main] INFO  org.jgap.gp.impl.GPGenotype  - Best solution fitness: 0.0
[28.04.2021 23:03:50,018] [main] INFO  org.jgap.gp.impl.GPGenotype  - Best solution: (((x * x) - x) * ((x * x) - x)) + ((4.0 / 4.0) * (4.0 / 4.0))
[28.04.2021 23:03:50,019] [main] INFO  org.jgap.gp.impl.GPGenotype  - Depth of chrom: 4
[28.04.2021 23:03:50,216] [main] INFO  org.jgap.gp.impl.GPGenotype  - Evolving generation 75, memory free: 86.2 MB
[28.04.2021 23:03:50,515] [main] INFO  org.jgap.gp.impl.GPGenotype  - Evolving generation 100, memory free: 84.2 MB
[28.04.2021 23:03:50,851] [main] INFO  org.jgap.gp.impl.GPGenotype  - Evolving generation 125, memory free: 81.8 MB
[28.04.2021 23:03:51,245] [main] INFO  org.jgap.gp.impl.GPGenotype  - Evolving generation 150, memory free: 79.8 MB
[28.04.2021 23:03:51,686] [main] INFO  org.jgap.gp.impl.GPGenotype  - Evolving generation 175, memory free: 76.6 MB
[28.04.2021 23:03:52,072] [main] INFO  org.jgap.gp.impl.GPGenotype  - Evolving generation 200, memory free: 73.6 MB
[28.04.2021 23:03:52,459] [main] INFO  org.jgap.gp.impl.GPGenotype  - Evolving generation 225, memory free: 71.2 MB
[28.04.2021 23:03:52,804] [main] INFO  org.jgap.gp.impl.GPGenotype  - Evolving generation 250, memory free: 78.6 MB
[28.04.2021 23:03:53,101] [main] INFO  org.jgap.gp.impl.GPGenotype  - Evolving generation 275, memory free: 86.2 MB
[28.04.2021 23:03:53,371] [main] INFO  org.jgap.gp.impl.GPGenotype  - Evolving generation 300, memory free: 92.6 MB
[28.04.2021 23:03:53,640] [main] INFO  org.jgap.gp.impl.GPGenotype  - Evolving generation 325, memory free: 100.2 MB
[28.04.2021 23:03:53,922] [main] INFO  org.jgap.gp.impl.GPGenotype  - Evolving generation 350, memory free: 83.7 MB
[28.04.2021 23:03:54,191] [main] INFO  org.jgap.gp.impl.GPGenotype  - Evolving generation 375, memory free: 172.6 MB
[28.04.2021 23:03:54,457] [main] INFO  org.jgap.gp.impl.GPGenotype  - Evolving generation 400, memory free: 146.2 MB
[28.04.2021 23:03:54,727] [main] INFO  org.jgap.gp.impl.GPGenotype  - Evolving generation 425, memory free: 118.2 MB
[28.04.2021 23:03:55,088] [main] INFO  org.jgap.gp.impl.GPGenotype  - Evolving generation 450, memory free: 90.1 MB
[28.04.2021 23:03:55,357] [main] INFO  org.jgap.gp.impl.GPGenotype  - Evolving generation 475, memory free: 178.1 MB
[28.04.2021 23:03:55,620] [main] INFO  org.jgap.gp.impl.GPGenotype  - Evolving generation 500, memory free: 149.1 MB
[28.04.2021 23:03:55,890] [main] INFO  org.jgap.gp.impl.GPGenotype  - Evolving generation 525, memory free: 122.1 MB
[28.04.2021 23:03:56,155] [main] INFO  org.jgap.gp.impl.GPGenotype  - Evolving generation 550, memory free: 94.1 MB
[28.04.2021 23:03:56,418] [main] INFO  org.jgap.gp.impl.GPGenotype  - Evolving generation 575, memory free: 182.1 MB
[28.04.2021 23:03:56,688] [main] INFO  org.jgap.gp.impl.GPGenotype  - Evolving generation 600, memory free: 154.0 MB
[28.04.2021 23:03:56,967] [main] INFO  org.jgap.gp.impl.GPGenotype  - Evolving generation 625, memory free: 126.5 MB
[28.04.2021 23:03:57,284] [main] INFO  org.jgap.gp.impl.GPGenotype  - Evolving generation 650, memory free: 100.7 MB
[28.04.2021 23:03:57,554] [main] INFO  org.jgap.gp.impl.GPGenotype  - Evolving generation 675, memory free: 187.9 MB
[28.04.2021 23:03:57,819] [main] INFO  org.jgap.gp.impl.GPGenotype  - Evolving generation 700, memory free: 158.8 MB
[28.04.2021 23:03:58,088] [main] INFO  org.jgap.gp.impl.GPGenotype  - Evolving generation 725, memory free: 132.6 MB
[28.04.2021 23:03:58,354] [main] INFO  org.jgap.gp.impl.GPGenotype  - Evolving generation 750, memory free: 106.0 MB
[28.04.2021 23:03:58,624] [main] INFO  org.jgap.gp.impl.GPGenotype  - Evolving generation 775, memory free: 78.0 MB
[28.04.2021 23:03:58,892] [main] INFO  org.jgap.gp.impl.GPGenotype  - Evolving generation 800, memory free: 167.6 MB
[28.04.2021 23:03:59,167] [main] INFO  org.jgap.gp.impl.GPGenotype  - Evolving generation 825, memory free: 139.5 MB
[28.04.2021 23:03:59,442] [main] INFO  org.jgap.gp.impl.GPGenotype  - Evolving generation 850, memory free: 112.0 MB
[28.04.2021 23:03:59,709] [main] INFO  org.jgap.gp.impl.GPGenotype  - Evolving generation 875, memory free: 85.1 MB
[28.04.2021 23:03:59,986] [main] INFO  org.jgap.gp.impl.GPGenotype  - Evolving generation 900, memory free: 173.3 MB
[28.04.2021 23:04:00,257] [main] INFO  org.jgap.gp.impl.GPGenotype  - Evolving generation 925, memory free: 146.6 MB
[28.04.2021 23:04:00,526] [main] INFO  org.jgap.gp.impl.GPGenotype  - Evolving generation 950, memory free: 119.1 MB
[28.04.2021 23:04:00,800] [main] INFO  org.jgap.gp.impl.GPGenotype  - Evolving generation 975, memory free: 90.5 MB
[28.04.2021 23:04:01,061] [main] INFO  org.jgap.gp.impl.GPGenotype  - Best solution fitness: 0.0
[28.04.2021 23:04:01,062] [main] INFO  org.jgap.gp.impl.GPGenotype  - Best solution: (((x * x) - x) * ((x * x) - x)) + ((4.0 / 4.0) * (4.0 / 4.0))
[28.04.2021 23:04:01,062] [main] INFO  org.jgap.gp.impl.GPGenotype  - Depth of chrom: 4
[28.04.2021 23:06:35,442] [main] INFO  org.jgap.gp.impl.GPGenotype  - Creating initial population
[28.04.2021 23:06:35,446] [main] INFO  org.jgap.gp.impl.GPGenotype  - Mem free: 10.0 MB
[28.04.2021 23:06:35,456] [main] INFO  org.jgap.gp.impl.GPPopulation  - Prototype program set
[28.04.2021 23:06:35,483] [main] INFO  org.jgap.gp.impl.GPGenotype  - Mem free after creating population: 10.0 MB
[28.04.2021 23:06:35,484] [main] INFO  org.jgap.gp.impl.GPGenotype  - Evolving generation 0, memory free: 7.0 MB
[28.04.2021 23:06:35,572] [main] INFO  org.jgap.gp.impl.GPGenotype  - Best solution fitness: 70.20
[28.04.2021 23:06:35,573] [main] INFO  org.jgap.gp.impl.GPGenotype  - Best solution: ((x * x) / (x + 3.0)) * ((3.0 * 3.0) - (x + x))
[28.04.2021 23:06:35,573] [main] INFO  org.jgap.gp.impl.GPGenotype  - Depth of chrom: 3
[28.04.2021 23:06:35,663] [main] INFO  org.jgap.gp.impl.GPGenotype  - Best solution fitness: 60.74
[28.04.2021 23:06:35,664] [main] INFO  org.jgap.gp.impl.GPGenotype  - Best solution: ((x * x) / 2.0) * ((3.0 * 3.0) - (x + x))
[28.04.2021 23:06:35,664] [main] INFO  org.jgap.gp.impl.GPGenotype  - Depth of chrom: 3
[28.04.2021 23:06:35,688] [main] INFO  org.jgap.gp.impl.GPGenotype  - Best solution fitness: 50.25
[28.04.2021 23:06:35,688] [main] INFO  org.jgap.gp.impl.GPGenotype  - Best solution: ((x * x) / (x + 3.0)) * ((3.0 * 3.0) - (4.0 / 4.0))
[28.04.2021 23:06:35,689] [main] INFO  org.jgap.gp.impl.GPGenotype  - Depth of chrom: 3
[28.04.2021 23:06:35,724] [main] INFO  org.jgap.gp.impl.GPGenotype  - Best solution fitness: 39.74
[28.04.2021 23:06:35,725] [main] INFO  org.jgap.gp.impl.GPGenotype  - Best solution: ((x * x) / (x + 3.0)) * ((3.0 * 3.0) - (x - x))
[28.04.2021 23:06:35,725] [main] INFO  org.jgap.gp.impl.GPGenotype  - Depth of chrom: 3
[28.04.2021 23:06:35,756] [main] INFO  org.jgap.gp.impl.GPGenotype  - Best solution fitness: 32.69
[28.04.2021 23:06:35,756] [main] INFO  org.jgap.gp.impl.GPGenotype  - Best solution: ((4.0 ^ x) - (((3.0 - x) * (x * x)) * x)) - (2.0 ^ x)
[28.04.2021 23:06:35,757] [main] INFO  org.jgap.gp.impl.GPGenotype  - Depth of chrom: 5
[28.04.2021 23:06:35,844] [main] INFO  org.jgap.gp.impl.GPGenotype  - Best solution fitness: 26.70
[28.04.2021 23:06:35,845] [main] INFO  org.jgap.gp.impl.GPGenotype  - Best solution: ((4.0 ^ x) - (((3.0 - x) * (x * x)) * x)) - (x * x)
[28.04.2021 23:06:35,845] [main] INFO  org.jgap.gp.impl.GPGenotype  - Depth of chrom: 5
[28.04.2021 23:06:35,878] [main] INFO  org.jgap.gp.impl.GPGenotype  - Best solution fitness: 20.00
[28.04.2021 23:06:35,878] [main] INFO  org.jgap.gp.impl.GPGenotype  - Best solution: (x * x) + (((x * x) - (x + x)) * (x * x))
[28.04.2021 23:06:35,879] [main] INFO  org.jgap.gp.impl.GPGenotype  - Depth of chrom: 4
[28.04.2021 23:06:36,025] [main] INFO  org.jgap.gp.impl.GPGenotype  - Evolving generation 25, memory free: 97.3 MB
[28.04.2021 23:06:36,353] [main] INFO  org.jgap.gp.impl.GPGenotype  - Evolving generation 50, memory free: 55.8 MB
[28.04.2021 23:06:36,550] [main] INFO  org.jgap.gp.impl.GPGenotype  - Best solution fitness: 19.99
[28.04.2021 23:06:36,551] [main] INFO  org.jgap.gp.impl.GPGenotype  - Best solution: 2.0 + ((x * x) + (((x * x) - (x + x)) * (x * x)))
[28.04.2021 23:06:36,552] [main] INFO  org.jgap.gp.impl.GPGenotype  - Depth of chrom: 5
[28.04.2021 23:06:36,649] [main] INFO  org.jgap.gp.impl.GPGenotype  - Best solution fitness: 19.06
[28.04.2021 23:06:36,650] [main] INFO  org.jgap.gp.impl.GPGenotype  - Best solution: 2.0 + ((((x * x) - x) * ((x * x) - x)) - (x / 8.0))
[28.04.2021 23:06:36,650] [main] INFO  org.jgap.gp.impl.GPGenotype  - Depth of chrom: 5
[28.04.2021 23:06:36,699] [main] INFO  org.jgap.gp.impl.GPGenotype  - Best solution fitness: 18.12
[28.04.2021 23:06:36,699] [main] INFO  org.jgap.gp.impl.GPGenotype  - Best solution: (x / 4.0) + (((x * x) - x) * ((x * x) - x))
[28.04.2021 23:06:36,700] [main] INFO  org.jgap.gp.impl.GPGenotype  - Depth of chrom: 4
[28.04.2021 23:06:36,701] [main] INFO  org.jgap.gp.impl.GPGenotype  - Evolving generation 75, memory free: 73.4 MB
[28.04.2021 23:06:36,751] [main] INFO  org.jgap.gp.impl.GPGenotype  - Best solution fitness: 8.65
[28.04.2021 23:06:36,751] [main] INFO  org.jgap.gp.impl.GPGenotype  - Best solution: (((x * x) + 2.0) / 4.0) + (((x * x) - x) * ((x * x) - x))
[28.04.2021 23:06:36,751] [main] INFO  org.jgap.gp.impl.GPGenotype  - Depth of chrom: 4
[28.04.2021 23:06:36,846] [main] INFO  org.jgap.gp.impl.GPGenotype  - Best solution fitness: 0.0
[28.04.2021 23:06:36,846] [main] INFO  org.jgap.gp.impl.GPGenotype  - Best solution: (3.0 / 3.0) + (((x * x) - x) * ((x * x) - x))
[28.04.2021 23:06:36,847] [main] INFO  org.jgap.gp.impl.GPGenotype  - Depth of chrom: 4
[28.04.2021 23:06:36,997] [main] INFO  org.jgap.gp.impl.GPGenotype  - Best solution fitness: 0.0
[28.04.2021 23:06:36,998] [main] INFO  org.jgap.gp.impl.GPGenotype  - Best solution: (3.0 / 3.0) + (((x * x) - x) * ((x * x) - x))
[28.04.2021 23:06:36,998] [main] INFO  org.jgap.gp.impl.GPGenotype  - Depth of chrom: 4
